Arguments: 
  C:\Program Files\nodejs\node.exe C:\Users\vande\AppData\Roaming\npm\node_modules\yarn\bin\yarn.js

PATH: 
  C:\Users\vande\bin;C:\Program Files\Git\mingw64\bin;C:\Program Files\Git\usr\local\bin;C:\Program Files\Git\usr\bin;C:\Program Files\Git\usr\bin;C:\Program Files\Git\mingw64\bin;C:\Program Files\Git\usr\bin;C:\Users\vande\bin;C:\Python27;C:\Python27\Scripts;C:\ProgramData\Boxstarter;C:\windows\system32;C:\windows;C:\windows\System32\Wbem;C:\windows\System32\WindowsPowerShell\v1.0;C:\windows\System32\OpenSSH;C:\Program Files\nodejs;C:\ProgramData\chocolatey\bin;C:\Program Files\Git\cmd;C:\Users\vande\AppData\Local\Microsoft\WindowsApps;C:\Users\vande\AppData\Roaming\npm;C:\Users\vande\AppData\Local\Programs\Microsoft VS Code\bin;C:\Program Files\heroku\bin;C:\Program Files\MongoDB\Server\4.0\bin;C:\Users\vande\AppData\Local\Google\Cloud SDK\google-cloud-sdk\bin;C:\Program Files\Git\usr\bin\vendor_perl;C:\Program Files\Git\usr\bin\core_perl

Yarn version: 
  1.16.0

Node version: 
  10.12.0

Platform: 
  win32 x64

Trace: 
  SyntaxError: C:\Users\vande\commentBox\heroku-cra-node\package.json: Unexpected token } in JSON at position 361
      at JSON.parse (<anonymous>)
      at C:\Users\vande\AppData\Roaming\npm\node_modules\yarn\lib\cli.js:1625:59
      at Generator.next (<anonymous>)
      at step (C:\Users\vande\AppData\Roaming\npm\node_modules\yarn\lib\cli.js:304:30)
      at C:\Users\vande\AppData\Roaming\npm\node_modules\yarn\lib\cli.js:315:13

npm manifest: 
  {
    "name": "CommentBox",
    "version": "3.0.0",
    "engines": {
      "node": "10.x"
    },
    "scripts": {
      "start": "node server",
      "build": "cd react-ui/ && npm install && npm run build"
    },
    "cacheDirectories": [
      "node_modules",
      "react-ui/node_modules"
    ],
    "dependencies": {
      "express": "^4.16.4"
    },
    "repository": {
      "type": "git",
    },
    "keywords": [
      "node",
      "heroku",
      "create-react-app",
      "react"
    ],
    "license": "MIT",
    "devDependencies": {}
  }

yarn manifest: 
  No manifest

Lockfile: 
  No lockfile
